[Mon Oct  1 03:45:29 2012] [debug] Reading config file "/home/tetsuya/twinaniweb/twinani.conf".
[Mon Oct  1 03:45:29 2012] [info] Listening at "http://*:3000".
[Mon Oct  1 03:45:33 2012] [debug] Your secret passphrase needs to be changed!!!
[Mon Oct  1 03:45:33 2012] [debug] GET / (Mozilla/4.0 (compatible; MSIE 8.0; Windows NT 5.1; Trident/4.0; .NET4.0C; .NET4.0E; .NET CLR 2.0.50727)).
[Mon Oct  1 03:45:33 2012] [debug] Routing to controller "Twinani::Web::Root" and action "index".
[Mon Oct  1 03:45:33 2012] [debug] Rendering template "root/index.html.ep".
[Mon Oct  1 03:45:33 2012] [debug] Rendering template "layouts/default.html.ep".
[Mon Oct  1 03:45:33 2012] [debug] 200 OK (0.415666s, 2.406/s).
[Mon Oct  1 03:45:52 2012] [debug] GET /eat (Mozilla/4.0 (compatible; MSIE 8.0; Windows NT 5.1; Trident/4.0; .NET4.0C; .NET4.0E; .NET CLR 2.0.50727)).
[Mon Oct  1 03:45:52 2012] [debug] Class "Twinani::Web::Eat" is not a controller.
[Mon Oct  1 03:45:52 2012] [debug] Rendering template "eat/index.html.ep".
[Mon Oct  1 03:45:52 2012] [error] Global symbol "$span" requires explicit package name at template "eat/index.html.ep" line 13, near "<% } %>".
syntax error at template "eat/index.html.ep" line 13, near "<% } %>".
Global symbol "$span" requires explicit package name at template "eat/index.html.ep" line 19, near "<% } %>".
Global symbol "$entries" requires explicit package name at template "eat/index.html.ep" line 24, near "<div class="entry">".
Global symbol "$current_page" requires explicit package name at template "eat/index.html.ep" line 32, near "</div>".
Global symbol "$total_pages" requires explicit package name at template "eat/index.html.ep" line 32, near "</div>".
8: </div>
9: <div class="span-15">
10: <ul class='tabs'>
11: <% foreach my $navigation (@{$config->{navigations}}) { %>
12:   <li>
13:   <a <% if ($navigation->{'route'} eq current_route ) { %>class="selected" <% } %> href="<%= url_for($navigation->{'route'}->query({span => $span}) %>"><%= $navigation->{'item'} %></a></li>
14: <% } %>
15: </ul>
16: <ul class='tabs'>
17: <% foreach my $navigation (@{$config->{spans}}) { %>
18:   <li>

[Mon Oct  1 03:45:52 2012] [debug] Template "exception.development.html.ep" not found.
[Mon Oct  1 03:45:52 2012] [debug] Template "exception.html.ep" not found.
[Mon Oct  1 03:45:52 2012] [debug] Rendering inline template.
[Mon Oct  1 03:45:52 2012] [debug] Rendering inline template.
[Mon Oct  1 03:45:52 2012] [debug] 500 Internal Server Error (0.053243s, 18.782/s).
[Mon Oct  1 03:46:55 2012] [debug] Reading config file "/home/tetsuya/twinaniweb/twinani.conf".
[Mon Oct  1 03:47:05 2012] [debug] Your secret passphrase needs to be changed!!!
[Mon Oct  1 03:47:05 2012] [debug] GET /eat (Mozilla/4.0 (compatible; MSIE 8.0; Windows NT 5.1; Trident/4.0; .NET4.0C; .NET4.0E; .NET CLR 2.0.50727)).
[Mon Oct  1 03:47:05 2012] [debug] Routing to controller "Twinani::Web::Eat" and action "index".
[Mon Oct  1 03:47:05 2012] [debug] Rendering template "eat/index.html.ep".
[Mon Oct  1 03:47:05 2012] [error] syntax error at template "eat/index.html.ep" line 13, near "<% } %>".
8: </div>
9: <div class="span-15">
10: <ul class='tabs'>
11: <% foreach my $navigation (@{$config->{navigations}}) { %>
12:   <li>
13:   <a <% if ($navigation->{'route'} eq current_route ) { %>class="selected" <% } %> href="<%= url_for($navigation->{'route'}->query({span => $span}) %>"><%= $navigation->{'item'} %></a></li>
14: <% } %>
15: </ul>
16: <ul class='tabs'>
17: <% foreach my $navigation (@{$config->{spans}}) { %>
18:   <li>

[Mon Oct  1 03:47:05 2012] [debug] Template "exception.development.html.ep" not found.
[Mon Oct  1 03:47:05 2012] [debug] Template "exception.html.ep" not found.
[Mon Oct  1 03:47:05 2012] [debug] Rendering inline template.
[Mon Oct  1 03:47:05 2012] [debug] Rendering inline template.
[Mon Oct  1 03:47:05 2012] [debug] 500 Internal Server Error (0.453897s, 2.203/s).
[Mon Oct  1 03:50:36 2012] [debug] Reading config file "/home/tetsuya/twinaniweb/twinani.conf".
[Mon Oct  1 03:50:36 2012] [debug] Your secret passphrase needs to be changed!!!
[Mon Oct  1 03:50:36 2012] [debug] GET /eat (Mozilla/4.0 (compatible; MSIE 8.0; Windows NT 5.1; Trident/4.0; .NET4.0C; .NET4.0E; .NET CLR 2.0.50727)).
[Mon Oct  1 03:50:36 2012] [debug] Routing to controller "Twinani::Web::Eat" and action "index".
[Mon Oct  1 03:50:36 2012] [debug] Rendering template "eat/index.html.ep".
[Mon Oct  1 03:50:36 2012] [debug] Rendering template "layouts/default.html.ep".
[Mon Oct  1 03:50:36 2012] [debug] 200 OK (0.417141s, 2.397/s).
[Mon Oct  1 03:51:08 2012] [debug] Reading config file "/home/tetsuya/twinaniweb/twinani.conf".
[Mon Oct  1 03:51:09 2012] [debug] Your secret passphrase needs to be changed!!!
[Mon Oct  1 03:51:09 2012] [debug] GET /eat (Mozilla/4.0 (compatible; MSIE 8.0; Windows NT 5.1; Trident/4.0; .NET4.0C; .NET4.0E; .NET CLR 2.0.50727)).
[Mon Oct  1 03:51:09 2012] [debug] Routing to controller "Twinani::Web::Eat" and action "index".
[Mon Oct  1 03:51:09 2012] [debug] Rendering template "eat/index.html.ep".
[Mon Oct  1 03:51:09 2012] [debug] Rendering template "layouts/default.html.ep".
[Mon Oct  1 03:51:09 2012] [debug] 200 OK (0.278586s, 3.590/s).
[Mon Oct  1 03:51:26 2012] [debug] GET /eat (Mozilla/4.0 (compatible; MSIE 8.0; Windows NT 5.1; Trident/4.0; .NET4.0C; .NET4.0E; .NET CLR 2.0.50727)).
[Mon Oct  1 03:51:26 2012] [debug] Routing to controller "Twinani::Web::Eat" and action "index".
[Mon Oct  1 03:51:26 2012] [debug] Rendering cached template "eat/index.html.ep".
[Mon Oct  1 03:51:26 2012] [debug] Rendering cached template "layouts/default.html.ep".
[Mon Oct  1 03:51:26 2012] [debug] 200 OK (0.031206s, 32.045/s).
[Mon Oct  1 03:51:33 2012] [debug] GET /eat (Mozilla/4.0 (compatible; MSIE 8.0; Windows NT 5.1; Trident/4.0; .NET4.0C; .NET4.0E; .NET CLR 2.0.50727)).
[Mon Oct  1 03:51:33 2012] [debug] Routing to controller "Twinani::Web::Eat" and action "index".
[Mon Oct  1 03:51:33 2012] [debug] Rendering cached template "eat/index.html.ep".
[Mon Oct  1 03:51:34 2012] [debug] Rendering cached template "layouts/default.html.ep".
[Mon Oct  1 03:51:34 2012] [debug] 200 OK (0.031737s, 31.509/s).
[Mon Oct  1 03:51:44 2012] [debug] GET /eat (Mozilla/4.0 (compatible; MSIE 8.0; Windows NT 5.1; Trident/4.0; .NET4.0C; .NET4.0E; .NET CLR 2.0.50727)).
[Mon Oct  1 03:51:44 2012] [debug] Routing to controller "Twinani::Web::Eat" and action "index".
[Mon Oct  1 03:51:44 2012] [debug] Rendering cached template "eat/index.html.ep".
[Mon Oct  1 03:51:44 2012] [debug] Rendering cached template "layouts/default.html.ep".
[Mon Oct  1 03:51:44 2012] [debug] 200 OK (0.031547s, 31.699/s).
[Mon Oct  1 03:51:46 2012] [debug] GET /eat (Mozilla/4.0 (compatible; MSIE 8.0; Windows NT 5.1; Trident/4.0; .NET4.0C; .NET4.0E; .NET CLR 2.0.50727)).
[Mon Oct  1 03:51:46 2012] [debug] Routing to controller "Twinani::Web::Eat" and action "index".
[Mon Oct  1 03:51:46 2012] [debug] Rendering cached template "eat/index.html.ep".
[Mon Oct  1 03:51:46 2012] [debug] Rendering cached template "layouts/default.html.ep".
[Mon Oct  1 03:51:46 2012] [debug] 200 OK (0.032140s, 31.114/s).
[Mon Oct  1 03:52:15 2012] [debug] Reading config file "/home/tetsuya/twinaniweb/twinani.conf".
[Mon Oct  1 03:52:16 2012] [debug] Your secret passphrase needs to be changed!!!
[Mon Oct  1 03:52:16 2012] [debug] GET /eat (Mozilla/4.0 (compatible; MSIE 8.0; Windows NT 5.1; Trident/4.0; .NET4.0C; .NET4.0E; .NET CLR 2.0.50727)).
[Mon Oct  1 03:52:16 2012] [debug] Routing to controller "Twinani::Web::Eat" and action "index".
[Mon Oct  1 03:52:16 2012] [debug] Rendering template "eat/index.html.ep".
[Mon Oct  1 03:52:16 2012] [debug] Rendering template "layouts/default.html.ep".
[Mon Oct  1 03:52:16 2012] [debug] 200 OK (0.284944s, 3.509/s).
[Mon Oct  1 03:52:22 2012] [debug] GET /eat (Mozilla/4.0 (compatible; MSIE 8.0; Windows NT 5.1; Trident/4.0; .NET4.0C; .NET4.0E; .NET CLR 2.0.50727)).
[Mon Oct  1 03:52:22 2012] [debug] Routing to controller "Twinani::Web::Eat" and action "index".
[Mon Oct  1 03:52:22 2012] [debug] Rendering cached template "eat/index.html.ep".
[Mon Oct  1 03:52:22 2012] [debug] Rendering cached template "layouts/default.html.ep".
[Mon Oct  1 03:52:22 2012] [debug] 200 OK (0.031996s, 31.254/s).
[Mon Oct  1 03:52:23 2012] [debug] GET /eat (Mozilla/4.0 (compatible; MSIE 8.0; Windows NT 5.1; Trident/4.0; .NET4.0C; .NET4.0E; .NET CLR 2.0.50727)).
[Mon Oct  1 03:52:23 2012] [debug] Routing to controller "Twinani::Web::Eat" and action "index".
[Mon Oct  1 03:52:23 2012] [debug] Rendering cached template "eat/index.html.ep".
[Mon Oct  1 03:52:23 2012] [debug] Rendering cached template "layouts/default.html.ep".
[Mon Oct  1 03:52:23 2012] [debug] 200 OK (0.031473s, 31.773/s).
[Mon Oct  1 03:52:26 2012] [debug] GET /eat (Mozilla/4.0 (compatible; MSIE 8.0; Windows NT 5.1; Trident/4.0; .NET4.0C; .NET4.0E; .NET CLR 2.0.50727)).
[Mon Oct  1 03:52:26 2012] [debug] Routing to controller "Twinani::Web::Eat" and action "index".
[Mon Oct  1 03:52:26 2012] [debug] Rendering cached template "eat/index.html.ep".
[Mon Oct  1 03:52:26 2012] [debug] Rendering cached template "layouts/default.html.ep".
[Mon Oct  1 03:52:26 2012] [debug] 200 OK (0.032223s, 31.034/s).
[Mon Oct  1 03:52:26 2012] [debug] GET /eat (Mozilla/4.0 (compatible; MSIE 8.0; Windows NT 5.1; Trident/4.0; .NET4.0C; .NET4.0E; .NET CLR 2.0.50727)).
[Mon Oct  1 03:52:26 2012] [debug] Routing to controller "Twinani::Web::Eat" and action "index".
[Mon Oct  1 03:52:26 2012] [debug] Rendering cached template "eat/index.html.ep".
[Mon Oct  1 03:52:26 2012] [debug] Rendering cached template "layouts/default.html.ep".
[Mon Oct  1 03:52:26 2012] [debug] 200 OK (0.031586s, 31.660/s).
[Mon Oct  1 03:53:47 2012] [debug] GET /eat (Mozilla/4.0 (compatible; MSIE 8.0; Windows NT 5.1; Trident/4.0; .NET4.0C; .NET4.0E; .NET CLR 2.0.50727)).
[Mon Oct  1 03:53:47 2012] [debug] Routing to controller "Twinani::Web::Eat" and action "index".
[Mon Oct  1 03:53:47 2012] [debug] Rendering cached template "eat/index.html.ep".
[Mon Oct  1 03:53:47 2012] [debug] Rendering cached template "layouts/default.html.ep".
[Mon Oct  1 03:53:47 2012] [debug] 200 OK (0.031971s, 31.278/s).
[Mon Oct  1 03:53:49 2012] [debug] GET /eat (Mozilla/4.0 (compatible; MSIE 8.0; Windows NT 5.1; Trident/4.0; .NET4.0C; .NET4.0E; .NET CLR 2.0.50727)).
[Mon Oct  1 03:53:49 2012] [debug] Routing to controller "Twinani::Web::Eat" and action "index".
[Mon Oct  1 03:53:49 2012] [debug] Rendering cached template "eat/index.html.ep".
[Mon Oct  1 03:53:49 2012] [debug] Rendering cached template "layouts/default.html.ep".
[Mon Oct  1 03:53:49 2012] [debug] 200 OK (0.031403s, 31.844/s).
[Mon Oct  1 03:53:51 2012] [debug] GET /eat (Mozilla/4.0 (compatible; MSIE 8.0; Windows NT 5.1; Trident/4.0; .NET4.0C; .NET4.0E; .NET CLR 2.0.50727)).
[Mon Oct  1 03:53:51 2012] [debug] Routing to controller "Twinani::Web::Eat" and action "index".
[Mon Oct  1 03:53:51 2012] [debug] Rendering cached template "eat/index.html.ep".
[Mon Oct  1 03:53:51 2012] [debug] Rendering cached template "layouts/default.html.ep".
[Mon Oct  1 03:53:51 2012] [debug] 200 OK (0.031272s, 31.977/s).
[Mon Oct  1 03:53:53 2012] [debug] GET /eat (Mozilla/4.0 (compatible; MSIE 8.0; Windows NT 5.1; Trident/4.0; .NET4.0C; .NET4.0E; .NET CLR 2.0.50727)).
[Mon Oct  1 03:53:53 2012] [debug] Routing to controller "Twinani::Web::Eat" and action "index".
[Mon Oct  1 03:53:53 2012] [debug] Rendering cached template "eat/index.html.ep".
[Mon Oct  1 03:53:53 2012] [debug] Rendering cached template "layouts/default.html.ep".
[Mon Oct  1 03:53:53 2012] [debug] 200 OK (0.023718s, 42.162/s).
[Mon Oct  1 03:54:59 2012] [debug] Reading config file "/home/tetsuya/twinaniweb/twinani.conf".
[Mon Oct  1 03:54:59 2012] [info] Listening at "http://*:3000".
[Mon Oct  1 03:55:01 2012] [debug] Your secret passphrase needs to be changed!!!
[Mon Oct  1 03:55:01 2012] [debug] GET /eat (Mozilla/4.0 (compatible; MSIE 8.0; Windows NT 5.1; Trident/4.0; .NET4.0C; .NET4.0E; .NET CLR 2.0.50727)).
[Mon Oct  1 03:55:02 2012] [debug] Routing to controller "Twinani::Web::Eat" and action "index".
[Mon Oct  1 03:55:02 2012] [debug] Rendering template "eat/index.html.ep".
[Mon Oct  1 03:55:02 2012] [debug] Rendering template "layouts/default.html.ep".
[Mon Oct  1 03:55:02 2012] [debug] 200 OK (0.277704s, 3.601/s).
[Mon Oct  1 03:55:04 2012] [debug] GET / (Mozilla/4.0 (compatible; MSIE 8.0; Windows NT 5.1; Trident/4.0; .NET4.0C; .NET4.0E; .NET CLR 2.0.50727)).
[Mon Oct  1 03:55:04 2012] [debug] Routing to controller "Twinani::Web::Root" and action "index".
[Mon Oct  1 03:55:04 2012] [debug] Rendering template "root/index.html.ep".
[Mon Oct  1 03:55:04 2012] [debug] Rendering cached template "layouts/default.html.ep".
[Mon Oct  1 03:55:04 2012] [debug] 200 OK (0.185924s, 5.379/s).
[Mon Oct  1 03:55:19 2012] [debug] GET /eat (Mozilla/4.0 (compatible; MSIE 8.0; Windows NT 5.1; Trident/4.0; .NET4.0C; .NET4.0E; .NET CLR 2.0.50727)).
[Mon Oct  1 03:55:19 2012] [debug] Routing to controller "Twinani::Web::Eat" and action "index".
[Mon Oct  1 03:55:19 2012] [debug] Rendering cached template "eat/index.html.ep".
[Mon Oct  1 03:55:19 2012] [debug] Rendering cached template "layouts/default.html.ep".
[Mon Oct  1 03:55:19 2012] [debug] 200 OK (0.031447s, 31.800/s).
[Mon Oct  1 03:55:20 2012] [debug] GET / (Mozilla/4.0 (compatible; MSIE 8.0; Windows NT 5.1; Trident/4.0; .NET4.0C; .NET4.0E; .NET CLR 2.0.50727)).
[Mon Oct  1 03:55:20 2012] [debug] Routing to controller "Twinani::Web::Root" and action "index".
[Mon Oct  1 03:55:20 2012] [debug] Rendering cached template "root/index.html.ep".
[Mon Oct  1 03:55:20 2012] [debug] Rendering cached template "layouts/default.html.ep".
[Mon Oct  1 03:55:20 2012] [debug] 200 OK (0.181717s, 5.503/s).
[Mon Oct  1 03:55:32 2012] [debug] GET /eat (Mozilla/4.0 (compatible; MSIE 8.0; Windows NT 5.1; Trident/4.0; .NET4.0C; .NET4.0E; .NET CLR 2.0.50727)).
[Mon Oct  1 03:55:32 2012] [debug] Routing to controller "Twinani::Web::Eat" and action "index".
[Mon Oct  1 03:55:32 2012] [debug] Rendering cached template "eat/index.html.ep".
[Mon Oct  1 03:55:32 2012] [debug] Rendering cached template "layouts/default.html.ep".
[Mon Oct  1 03:55:32 2012] [debug] 200 OK (0.031807s, 31.440/s).
[Mon Oct  1 03:55:34 2012] [debug] GET / (Mozilla/4.0 (compatible; MSIE 8.0; Windows NT 5.1; Trident/4.0; .NET4.0C; .NET4.0E; .NET CLR 2.0.50727)).
[Mon Oct  1 03:55:34 2012] [debug] Routing to controller "Twinani::Web::Root" and action "index".
[Mon Oct  1 03:55:34 2012] [debug] Rendering cached template "root/index.html.ep".
[Mon Oct  1 03:55:34 2012] [debug] Rendering cached template "layouts/default.html.ep".
[Mon Oct  1 03:55:34 2012] [debug] 200 OK (0.179777s, 5.562/s).
[Mon Oct  1 03:55:46 2012] [debug] GET / (Mozilla/4.0 (compatible; MSIE 8.0; Windows NT 5.1; Trident/4.0; .NET4.0C; .NET4.0E; .NET CLR 2.0.50727)).
[Mon Oct  1 03:55:46 2012] [debug] Routing to controller "Twinani::Web::Root" and action "index".
[Mon Oct  1 03:55:46 2012] [debug] Rendering cached template "root/index.html.ep".
[Mon Oct  1 03:55:46 2012] [debug] Rendering cached template "layouts/default.html.ep".
[Mon Oct  1 03:55:46 2012] [debug] 200 OK (0.177259s, 5.641/s).
[Mon Oct  1 03:58:30 2012] [debug] GET / (Mozilla/4.0 (compatible; MSIE 8.0; Windows NT 5.1; Trident/4.0; .NET4.0C; .NET4.0E; .NET CLR 2.0.50727)).
[Mon Oct  1 03:58:30 2012] [debug] Routing to controller "Twinani::Web::Root" and action "index".
[Mon Oct  1 03:58:30 2012] [debug] Rendering cached template "root/index.html.ep".
[Mon Oct  1 03:58:30 2012] [debug] Rendering cached template "layouts/default.html.ep".
[Mon Oct  1 03:58:30 2012] [debug] 200 OK (0.187226s, 5.341/s).
[Mon Oct  1 03:58:31 2012] [debug] Reading config file "/home/tetsuya/twinaniweb/twinani.conf".
[Mon Oct  1 03:58:31 2012] [debug] Your secret passphrase needs to be changed!!!
[Mon Oct  1 03:58:31 2012] [debug] GET / (Mozilla/4.0 (compatible; MSIE 8.0; Windows NT 5.1; Trident/4.0; .NET4.0C; .NET4.0E; .NET CLR 2.0.50727)).
[Mon Oct  1 03:58:32 2012] [debug] Routing to controller "Twinani::Web::Root" and action "index".
[Mon Oct  1 03:58:32 2012] [debug] Rendering template "root/index.html.ep".
[Mon Oct  1 03:58:32 2012] [debug] Rendering template "layouts/default.html.ep".
[Mon Oct  1 03:58:32 2012] [debug] 200 OK (0.422899s, 2.365/s).
[Mon Oct  1 03:58:34 2012] [debug] GET / (Mozilla/4.0 (compatible; MSIE 8.0; Windows NT 5.1; Trident/4.0; .NET4.0C; .NET4.0E; .NET CLR 2.0.50727)).
[Mon Oct  1 03:58:34 2012] [debug] Routing to controller "Twinani::Web::Root" and action "index".
[Mon Oct  1 03:58:34 2012] [debug] Rendering cached template "root/index.html.ep".
[Mon Oct  1 03:58:34 2012] [debug] Rendering cached template "layouts/default.html.ep".
[Mon Oct  1 03:58:34 2012] [debug] 200 OK (0.175568s, 5.696/s).
[Mon Oct  1 03:58:40 2012] [debug] GET /eat (Mozilla/4.0 (compatible; MSIE 8.0; Windows NT 5.1; Trident/4.0; .NET4.0C; .NET4.0E; .NET CLR 2.0.50727)).
[Mon Oct  1 03:58:40 2012] [debug] Routing to controller "Twinani::Web::Eat" and action "index".
[Mon Oct  1 03:58:40 2012] [debug] Rendering template "eat/index.html.ep".
[Mon Oct  1 03:58:40 2012] [debug] Rendering cached template "layouts/default.html.ep".
[Mon Oct  1 03:58:40 2012] [debug] 200 OK (0.038309s, 26.104/s).
[Mon Oct  1 03:58:42 2012] [debug] GET /eat (Mozilla/4.0 (compatible; MSIE 8.0; Windows NT 5.1; Trident/4.0; .NET4.0C; .NET4.0E; .NET CLR 2.0.50727)).
[Mon Oct  1 03:58:42 2012] [debug] Routing to controller "Twinani::Web::Eat" and action "index".
[Mon Oct  1 03:58:42 2012] [debug] Rendering cached template "eat/index.html.ep".
[Mon Oct  1 03:58:42 2012] [debug] Rendering cached template "layouts/default.html.ep".
[Mon Oct  1 03:58:42 2012] [debug] 200 OK (0.031400s, 31.847/s).
[Mon Oct  1 03:58:43 2012] [debug] GET / (Mozilla/4.0 (compatible; MSIE 8.0; Windows NT 5.1; Trident/4.0; .NET4.0C; .NET4.0E; .NET CLR 2.0.50727)).
[Mon Oct  1 03:58:43 2012] [debug] Routing to controller "Twinani::Web::Root" and action "index".
[Mon Oct  1 03:58:43 2012] [debug] Rendering cached template "root/index.html.ep".
[Mon Oct  1 03:58:43 2012] [debug] Rendering cached template "layouts/default.html.ep".
[Mon Oct  1 03:58:43 2012] [debug] 200 OK (0.178767s, 5.594/s).
[Mon Oct  1 03:58:44 2012] [debug] GET /eat (Mozilla/4.0 (compatible; MSIE 8.0; Windows NT 5.1; Trident/4.0; .NET4.0C; .NET4.0E; .NET CLR 2.0.50727)).
[Mon Oct  1 03:58:44 2012] [debug] Routing to controller "Twinani::Web::Eat" and action "index".
[Mon Oct  1 03:58:44 2012] [debug] Rendering cached template "eat/index.html.ep".
[Mon Oct  1 03:58:44 2012] [debug] Rendering cached template "layouts/default.html.ep".
[Mon Oct  1 03:58:44 2012] [debug] 200 OK (0.031319s, 31.929/s).
[Mon Oct  1 03:58:58 2012] [debug] GET /eat (Mozilla/4.0 (compatible; MSIE 8.0; Windows NT 5.1; Trident/4.0; .NET4.0C; .NET4.0E; .NET CLR 2.0.50727)).
[Mon Oct  1 03:58:58 2012] [debug] Routing to controller "Twinani::Web::Eat" and action "index".
[Mon Oct  1 03:58:58 2012] [debug] Rendering cached template "eat/index.html.ep".
[Mon Oct  1 03:58:58 2012] [debug] Rendering cached template "layouts/default.html.ep".
[Mon Oct  1 03:58:58 2012] [debug] 200 OK (0.031457s, 31.789/s).
[Mon Oct  1 03:59:06 2012] [debug] GET / (Mozilla/4.0 (compatible; MSIE 8.0; Windows NT 5.1; Trident/4.0; .NET4.0C; .NET4.0E; .NET CLR 2.0.50727)).
[Mon Oct  1 03:59:06 2012] [debug] Routing to controller "Twinani::Web::Root" and action "index".
[Mon Oct  1 03:59:06 2012] [debug] Rendering cached template "root/index.html.ep".
[Mon Oct  1 03:59:06 2012] [debug] Rendering cached template "layouts/default.html.ep".
[Mon Oct  1 03:59:06 2012] [debug] 200 OK (0.189129s, 5.287/s).
[Mon Oct  1 03:59:09 2012] [debug] GET /eat (Mozilla/4.0 (compatible; MSIE 8.0; Windows NT 5.1; Trident/4.0; .NET4.0C; .NET4.0E; .NET CLR 2.0.50727)).
[Mon Oct  1 03:59:09 2012] [debug] Routing to controller "Twinani::Web::Eat" and action "index".
[Mon Oct  1 03:59:09 2012] [debug] Rendering cached template "eat/index.html.ep".
[Mon Oct  1 03:59:09 2012] [debug] Rendering cached template "layouts/default.html.ep".
[Mon Oct  1 03:59:09 2012] [debug] 200 OK (0.031851s, 31.396/s).
[Mon Oct  1 04:00:03 2012] [debug] Reading config file "/home/tetsuya/twinaniweb/twinani.conf".
[Mon Oct  1 04:00:05 2012] [debug] Reading config file "/home/tetsuya/twinaniweb/twinani.conf".
[Mon Oct  1 04:00:06 2012] [debug] Reading config file "/home/tetsuya/twinaniweb/twinani.conf".
[Mon Oct  1 04:00:11 2012] [debug] Reading config file "/home/tetsuya/twinaniweb/twinani.conf".
[Mon Oct  1 04:00:15 2012] [debug] Reading config file "/home/tetsuya/twinaniweb/twinani.conf".
[Mon Oct  1 04:00:22 2012] [debug] Reading config file "/home/tetsuya/twinaniweb/twinani.conf".
[Mon Oct  1 04:00:35 2012] [debug] Reading config file "/home/tetsuya/twinaniweb/twinani.conf".
[Mon Oct  1 04:00:57 2012] [debug] Reading config file "/home/tetsuya/twinaniweb/twinani.conf".
[Mon Oct  1 04:01:20 2012] [debug] Reading config file "/home/tetsuya/twinaniweb/twinani.conf".
[Mon Oct  1 04:01:25 2012] [debug] Reading config file "/home/tetsuya/twinaniweb/twinani.conf".
[Mon Oct  1 04:01:39 2012] [debug] Reading config file "/home/tetsuya/twinaniweb/twinani.conf".
[Mon Oct  1 04:01:51 2012] [debug] Reading config file "/home/tetsuya/twinaniweb/twinani.conf".
[Mon Oct  1 04:02:15 2012] [debug] Reading config file "/home/tetsuya/twinaniweb/twinani.conf".
[Mon Oct  1 04:02:20 2012] [debug] Reading config file "/home/tetsuya/twinaniweb/twinani.conf".
[Mon Oct  1 04:03:28 2012] [debug] Reading config file "/home/tetsuya/twinaniweb/twinani.conf".
[Mon Oct  1 04:03:31 2012] [debug] Reading config file "/home/tetsuya/twinaniweb/twinani.conf".
[Mon Oct  1 04:03:36 2012] [debug] Reading config file "/home/tetsuya/twinaniweb/twinani.conf".
[Mon Oct  1 04:03:53 2012] [debug] Reading config file "/home/tetsuya/twinaniweb/twinani.conf".
[Mon Oct  1 04:03:55 2012] [debug] Reading config file "/home/tetsuya/twinaniweb/twinani.conf".
[Mon Oct  1 04:04:06 2012] [debug] Reading config file "/home/tetsuya/twinaniweb/twinani.conf".
[Mon Oct  1 04:04:17 2012] [debug] Reading config file "/home/tetsuya/twinaniweb/twinani.conf".
[Mon Oct  1 04:04:31 2012] [debug] Reading config file "/home/tetsuya/twinaniweb/twinani.conf".
[Mon Oct  1 04:04:38 2012] [debug] Reading config file "/home/tetsuya/twinaniweb/twinani.conf".
[Mon Oct  1 04:04:52 2012] [debug] Reading config file "/home/tetsuya/twinaniweb/twinani.conf".
[Mon Oct  1 04:04:55 2012] [debug] Your secret passphrase needs to be changed!!!
[Mon Oct  1 04:04:55 2012] [debug] GET /buy (Mozilla/4.0 (compatible; MSIE 8.0; Windows NT 5.1; Trident/4.0; .NET4.0C; .NET4.0E; .NET CLR 2.0.50727)).
[Mon Oct  1 04:04:55 2012] [debug] Routing to controller "Twinani::Web::Buy" and action "index".
[Mon Oct  1 04:04:55 2012] [debug] Rendering template "buy/index.html.ep".
[Mon Oct  1 04:04:55 2012] [debug] Rendering template "layouts/default.html.ep".
[Mon Oct  1 04:04:55 2012] [debug] 200 OK (0.307667s, 3.250/s).
[Mon Oct  1 04:04:58 2012] [debug] GET /read (Mozilla/4.0 (compatible; MSIE 8.0; Windows NT 5.1; Trident/4.0; .NET4.0C; .NET4.0E; .NET CLR 2.0.50727)).
[Mon Oct  1 04:04:58 2012] [debug] Routing to controller "Twinani::Web::Read" and action "index".
[Mon Oct  1 04:04:58 2012] [debug] Rendering template "read/index.html.ep".
[Mon Oct  1 04:04:58 2012] [debug] Rendering cached template "layouts/default.html.ep".
[Mon Oct  1 04:04:58 2012] [debug] 200 OK (0.023084s, 43.320/s).
[Mon Oct  1 04:05:02 2012] [debug] GET /look (Mozilla/4.0 (compatible; MSIE 8.0; Windows NT 5.1; Trident/4.0; .NET4.0C; .NET4.0E; .NET CLR 2.0.50727)).
[Mon Oct  1 04:05:02 2012] [debug] Routing to controller "Twinani::Web::Look" and action "index".
[Mon Oct  1 04:05:02 2012] [debug] Rendering template "look/index.html.ep".
[Mon Oct  1 04:05:02 2012] [debug] Rendering cached template "layouts/default.html.ep".
[Mon Oct  1 04:05:02 2012] [debug] 200 OK (0.070005s, 14.285/s).
[Mon Oct  1 04:05:07 2012] [debug] GET /go (Mozilla/4.0 (compatible; MSIE 8.0; Windows NT 5.1; Trident/4.0; .NET4.0C; .NET4.0E; .NET CLR 2.0.50727)).
[Mon Oct  1 04:05:07 2012] [debug] Routing to controller "Twinani::Web::Go" and action "index".
[Mon Oct  1 04:05:07 2012] [debug] Rendering template "go/index.html.ep".
[Mon Oct  1 04:05:07 2012] [debug] Rendering cached template "layouts/default.html.ep".
[Mon Oct  1 04:05:07 2012] [debug] 200 OK (0.034600s, 28.902/s).
[Mon Oct  1 04:05:09 2012] [debug] GET /read (Mozilla/4.0 (compatible; MSIE 8.0; Windows NT 5.1; Trident/4.0; .NET4.0C; .NET4.0E; .NET CLR 2.0.50727)).
[Mon Oct  1 04:05:09 2012] [debug] Routing to controller "Twinani::Web::Read" and action "index".
[Mon Oct  1 04:05:09 2012] [debug] Rendering cached template "read/index.html.ep".
[Mon Oct  1 04:05:09 2012] [debug] Rendering cached template "layouts/default.html.ep".
[Mon Oct  1 04:05:09 2012] [debug] 200 OK (0.016331s, 61.233/s).
[Mon Oct  1 04:05:13 2012] [debug] GET /read (Mozilla/4.0 (compatible; MSIE 8.0; Windows NT 5.1; Trident/4.0; .NET4.0C; .NET4.0E; .NET CLR 2.0.50727)).
[Mon Oct  1 04:05:13 2012] [debug] Routing to controller "Twinani::Web::Read" and action "index".
[Mon Oct  1 04:05:13 2012] [debug] Rendering cached template "read/index.html.ep".
[Mon Oct  1 04:05:13 2012] [debug] Rendering cached template "layouts/default.html.ep".
[Mon Oct  1 04:05:13 2012] [debug] 200 OK (0.016791s, 59.556/s).
[Mon Oct  1 04:05:16 2012] [debug] GET /read (Mozilla/4.0 (compatible; MSIE 8.0; Windows NT 5.1; Trident/4.0; .NET4.0C; .NET4.0E; .NET CLR 2.0.50727)).
[Mon Oct  1 04:05:16 2012] [debug] Routing to controller "Twinani::Web::Read" and action "index".
[Mon Oct  1 04:05:16 2012] [debug] Rendering cached template "read/index.html.ep".
[Mon Oct  1 04:05:16 2012] [debug] Rendering cached template "layouts/default.html.ep".
[Mon Oct  1 04:05:16 2012] [debug] 200 OK (0.016984s, 58.879/s).
[Mon Oct  1 04:05:18 2012] [debug] GET /read (Mozilla/4.0 (compatible; MSIE 8.0; Windows NT 5.1; Trident/4.0; .NET4.0C; .NET4.0E; .NET CLR 2.0.50727)).
[Mon Oct  1 04:05:18 2012] [debug] Routing to controller "Twinani::Web::Read" and action "index".
[Mon Oct  1 04:05:18 2012] [debug] Rendering cached template "read/index.html.ep".
[Mon Oct  1 04:05:18 2012] [debug] Rendering cached template "layouts/default.html.ep".
[Mon Oct  1 04:05:18 2012] [debug] 200 OK (0.016815s, 59.471/s).
[Mon Oct  1 04:05:20 2012] [debug] GET /read (Mozilla/4.0 (compatible; MSIE 8.0; Windows NT 5.1; Trident/4.0; .NET4.0C; .NET4.0E; .NET CLR 2.0.50727)).
[Mon Oct  1 04:05:20 2012] [debug] Routing to controller "Twinani::Web::Read" and action "index".
[Mon Oct  1 04:05:20 2012] [debug] Rendering cached template "read/index.html.ep".
[Mon Oct  1 04:05:20 2012] [debug] Rendering cached template "layouts/default.html.ep".
[Mon Oct  1 04:05:20 2012] [debug] 200 OK (0.016929s, 59.070/s).
[Mon Oct  1 04:05:52 2012] [debug] GET /read (Mozilla/4.0 (compatible; MSIE 8.0; Windows NT 5.1; Trident/4.0; .NET4.0C; .NET4.0E; .NET CLR 2.0.50727)).
[Mon Oct  1 04:05:52 2012] [debug] Routing to controller "Twinani::Web::Read" and action "index".
[Mon Oct  1 04:05:52 2012] [debug] Rendering cached template "read/index.html.ep".
[Mon Oct  1 04:05:52 2012] [debug] Rendering cached template "layouts/default.html.ep".
[Mon Oct  1 04:05:52 2012] [debug] 200 OK (0.017038s, 58.692/s).
[Mon Oct  1 04:05:53 2012] [debug] GET /read (Mozilla/4.0 (compatible; MSIE 8.0; Windows NT 5.1; Trident/4.0; .NET4.0C; .NET4.0E; .NET CLR 2.0.50727)).
[Mon Oct  1 04:05:53 2012] [debug] Routing to controller "Twinani::Web::Read" and action "index".
[Mon Oct  1 04:05:53 2012] [debug] Rendering cached template "read/index.html.ep".
[Mon Oct  1 04:05:53 2012] [debug] Rendering cached template "layouts/default.html.ep".
[Mon Oct  1 04:05:53 2012] [debug] 200 OK (0.016255s, 61.520/s).
[Mon Oct  1 04:06:15 2012] [debug] GET /eat (Mozilla/4.0 (compatible; MSIE 8.0; Windows NT 5.1; Trident/4.0; .NET4.0C; .NET4.0E; .NET CLR 2.0.50727)).
[Mon Oct  1 04:06:15 2012] [debug] Routing to controller "Twinani::Web::Eat" and action "index".
[Mon Oct  1 04:06:15 2012] [debug] Rendering template "eat/index.html.ep".
[Mon Oct  1 04:06:15 2012] [debug] Rendering cached template "layouts/default.html.ep".
[Mon Oct  1 04:06:15 2012] [debug] 200 OK (0.035729s, 27.988/s).
[Mon Oct  1 04:06:18 2012] [debug] GET /buy (Mozilla/4.0 (compatible; MSIE 8.0; Windows NT 5.1; Trident/4.0; .NET4.0C; .NET4.0E; .NET CLR 2.0.50727)).
[Mon Oct  1 04:06:18 2012] [debug] Routing to controller "Twinani::Web::Buy" and action "index".
[Mon Oct  1 04:06:19 2012] [debug] Rendering cached template "buy/index.html.ep".
[Mon Oct  1 04:06:19 2012] [debug] Rendering cached template "layouts/default.html.ep".
[Mon Oct  1 04:06:19 2012] [debug] 200 OK (0.055301s, 18.083/s).
[Mon Oct  1 04:06:24 2012] [debug] GET /buy (Mozilla/4.0 (compatible; MSIE 8.0; Windows NT 5.1; Trident/4.0; .NET4.0C; .NET4.0E; .NET CLR 2.0.50727)).
[Mon Oct  1 04:06:24 2012] [debug] Routing to controller "Twinani::Web::Buy" and action "index".
[Mon Oct  1 04:06:24 2012] [debug] Rendering cached template "buy/index.html.ep".
[Mon Oct  1 04:06:24 2012] [debug] Rendering cached template "layouts/default.html.ep".
[Mon Oct  1 04:06:24 2012] [debug] 200 OK (0.058704s, 17.035/s).
[Mon Oct  1 04:06:26 2012] [debug] GET /buy (Mozilla/4.0 (compatible; MSIE 8.0; Windows NT 5.1; Trident/4.0; .NET4.0C; .NET4.0E; .NET CLR 2.0.50727)).
[Mon Oct  1 04:06:26 2012] [debug] Routing to controller "Twinani::Web::Buy" and action "index".
[Mon Oct  1 04:06:26 2012] [debug] Rendering cached template "buy/index.html.ep".
[Mon Oct  1 04:06:26 2012] [debug] Rendering cached template "layouts/default.html.ep".
[Mon Oct  1 04:06:26 2012] [debug] 200 OK (0.058992s, 16.951/s).
[Mon Oct  1 04:06:27 2012] [debug] GET /eat (Mozilla/4.0 (compatible; MSIE 8.0; Windows NT 5.1; Trident/4.0; .NET4.0C; .NET4.0E; .NET CLR 2.0.50727)).
[Mon Oct  1 04:06:27 2012] [debug] Routing to controller "Twinani::Web::Eat" and action "index".
[Mon Oct  1 04:06:27 2012] [debug] Rendering cached template "eat/index.html.ep".
[Mon Oct  1 04:06:27 2012] [debug] Rendering cached template "layouts/default.html.ep".
[Mon Oct  1 04:06:27 2012] [debug] 200 OK (0.032690s, 30.590/s).
[Mon Oct  1 04:06:28 2012] [debug] GET /read (Mozilla/4.0 (compatible; MSIE 8.0; Windows NT 5.1; Trident/4.0; .NET4.0C; .NET4.0E; .NET CLR 2.0.50727)).
[Mon Oct  1 04:06:28 2012] [debug] Routing to controller "Twinani::Web::Read" and action "index".
[Mon Oct  1 04:06:28 2012] [debug] Rendering cached template "read/index.html.ep".
[Mon Oct  1 04:06:28 2012] [debug] Rendering cached template "layouts/default.html.ep".
[Mon Oct  1 04:06:28 2012] [debug] 200 OK (0.018063s, 55.362/s).
[Mon Oct  1 04:06:28 2012] [debug] GET /look (Mozilla/4.0 (compatible; MSIE 8.0; Windows NT 5.1; Trident/4.0; .NET4.0C; .NET4.0E; .NET CLR 2.0.50727)).
[Mon Oct  1 04:06:28 2012] [debug] Routing to controller "Twinani::Web::Look" and action "index".
[Mon Oct  1 04:06:28 2012] [debug] Rendering cached template "look/index.html.ep".
[Mon Oct  1 04:06:28 2012] [debug] Rendering cached template "layouts/default.html.ep".
[Mon Oct  1 04:06:28 2012] [debug] 200 OK (0.076811s, 13.019/s).
[Mon Oct  1 04:06:29 2012] [debug] GET /go (Mozilla/4.0 (compatible; MSIE 8.0; Windows NT 5.1; Trident/4.0; .NET4.0C; .NET4.0E; .NET CLR 2.0.50727)).
[Mon Oct  1 04:06:29 2012] [debug] Routing to controller "Twinani::Web::Go" and action "index".
[Mon Oct  1 04:06:29 2012] [debug] Rendering cached template "go/index.html.ep".
[Mon Oct  1 04:06:29 2012] [debug] Rendering cached template "layouts/default.html.ep".
[Mon Oct  1 04:06:29 2012] [debug] 200 OK (0.030223s, 33.087/s).
[Mon Oct  1 04:06:41 2012] [debug] GET /go (Mozilla/4.0 (compatible; MSIE 8.0; Windows NT 5.1; Trident/4.0; .NET4.0C; .NET4.0E; .NET CLR 2.0.50727)).
[Mon Oct  1 04:06:41 2012] [debug] Routing to controller "Twinani::Web::Go" and action "index".
[Mon Oct  1 04:06:41 2012] [debug] Rendering cached template "go/index.html.ep".
[Mon Oct  1 04:06:41 2012] [debug] Rendering cached template "layouts/default.html.ep".
[Mon Oct  1 04:06:41 2012] [debug] 200 OK (0.030876s, 32.388/s).
[Mon Oct  1 04:06:51 2012] [debug] GET /go (Mozilla/4.0 (compatible; MSIE 8.0; Windows NT 5.1; Trident/4.0; .NET4.0C; .NET4.0E; .NET CLR 2.0.50727)).
[Mon Oct  1 04:06:51 2012] [debug] Routing to controller "Twinani::Web::Go" and action "index".
[Mon Oct  1 04:06:51 2012] [debug] Rendering cached template "go/index.html.ep".
[Mon Oct  1 04:06:51 2012] [debug] Rendering cached template "layouts/default.html.ep".
[Mon Oct  1 04:06:51 2012] [debug] 200 OK (0.030730s, 32.541/s).
[Mon Oct  1 04:06:58 2012] [debug] GET /go (Mozilla/4.0 (compatible; MSIE 8.0; Windows NT 5.1; Trident/4.0; .NET4.0C; .NET4.0E; .NET CLR 2.0.50727)).
[Mon Oct  1 04:06:58 2012] [debug] Routing to controller "Twinani::Web::Go" and action "index".
[Mon Oct  1 04:06:58 2012] [debug] Rendering cached template "go/index.html.ep".
[Mon Oct  1 04:06:58 2012] [debug] Rendering cached template "layouts/default.html.ep".
[Mon Oct  1 04:06:58 2012] [debug] 200 OK (0.030830s, 32.436/s).
[Mon Oct  1 04:07:05 2012] [debug] GET /go (Mozilla/4.0 (compatible; MSIE 8.0; Windows NT 5.1; Trident/4.0; .NET4.0C; .NET4.0E; .NET CLR 2.0.50727)).
[Mon Oct  1 04:07:05 2012] [debug] Routing to controller "Twinani::Web::Go" and action "index".
[Mon Oct  1 04:07:05 2012] [debug] Rendering cached template "go/index.html.ep".
[Mon Oct  1 04:07:05 2012] [debug] Rendering cached template "layouts/default.html.ep".
[Mon Oct  1 04:07:05 2012] [debug] 200 OK (0.029280s, 34.153/s).
[Mon Oct  1 04:07:09 2012] [debug] GET /go (Mozilla/4.0 (compatible; MSIE 8.0; Windows NT 5.1; Trident/4.0; .NET4.0C; .NET4.0E; .NET CLR 2.0.50727)).
[Mon Oct  1 04:07:09 2012] [debug] Routing to controller "Twinani::Web::Go" and action "index".
[Mon Oct  1 04:07:09 2012] [debug] Rendering cached template "go/index.html.ep".
[Mon Oct  1 04:07:09 2012] [debug] Rendering cached template "layouts/default.html.ep".
[Mon Oct  1 04:07:09 2012] [debug] 200 OK (0.029807s, 33.549/s).
[Mon Oct  1 04:07:15 2012] [debug] GET /go (Mozilla/4.0 (compatible; MSIE 8.0; Windows NT 5.1; Trident/4.0; .NET4.0C; .NET4.0E; .NET CLR 2.0.50727)).
[Mon Oct  1 04:07:15 2012] [debug] Routing to controller "Twinani::Web::Go" and action "index".
[Mon Oct  1 04:07:16 2012] [debug] Rendering cached template "go/index.html.ep".
[Mon Oct  1 04:07:16 2012] [debug] Rendering cached template "layouts/default.html.ep".
[Mon Oct  1 04:07:16 2012] [debug] 200 OK (0.029397s, 34.017/s).
[Mon Oct  1 04:07:22 2012] [debug] GET /go (Mozilla/4.0 (compatible; MSIE 8.0; Windows NT 5.1; Trident/4.0; .NET4.0C; .NET4.0E; .NET CLR 2.0.50727)).
[Mon Oct  1 04:07:22 2012] [debug] Routing to controller "Twinani::Web::Go" and action "index".
[Mon Oct  1 04:07:22 2012] [debug] Rendering cached template "go/index.html.ep".
[Mon Oct  1 04:07:22 2012] [debug] Rendering cached template "layouts/default.html.ep".
[Mon Oct  1 04:07:22 2012] [debug] 200 OK (0.029341s, 34.082/s).
[Mon Oct  1 04:07:29 2012] [debug] GET /go (Mozilla/4.0 (compatible; MSIE 8.0; Windows NT 5.1; Trident/4.0; .NET4.0C; .NET4.0E; .NET CLR 2.0.50727)).
[Mon Oct  1 04:07:29 2012] [debug] Routing to controller "Twinani::Web::Go" and action "index".
[Mon Oct  1 04:07:29 2012] [debug] Rendering cached template "go/index.html.ep".
[Mon Oct  1 04:07:29 2012] [debug] Rendering cached template "layouts/default.html.ep".
[Mon Oct  1 04:07:29 2012] [debug] 200 OK (0.029421s, 33.989/s).
[Mon Oct  1 04:07:36 2012] [debug] GET /buy (Mozilla/4.0 (compatible; MSIE 8.0; Windows NT 5.1; Trident/4.0; .NET4.0C; .NET4.0E; .NET CLR 2.0.50727)).
[Mon Oct  1 04:07:36 2012] [debug] Routing to controller "Twinani::Web::Buy" and action "index".
[Mon Oct  1 04:07:36 2012] [debug] Rendering cached template "buy/index.html.ep".
[Mon Oct  1 04:07:36 2012] [debug] Rendering cached template "layouts/default.html.ep".
[Mon Oct  1 04:07:36 2012] [debug] 200 OK (0.058215s, 17.178/s).
[Mon Oct  1 04:07:49 2012] [debug] GET /buy (Mozilla/4.0 (compatible; MSIE 8.0; Windows NT 5.1; Trident/4.0; .NET4.0C; .NET4.0E; .NET CLR 2.0.50727)).
[Mon Oct  1 04:07:49 2012] [debug] Routing to controller "Twinani::Web::Buy" and action "index".
[Mon Oct  1 04:07:49 2012] [debug] Rendering cached template "buy/index.html.ep".
[Mon Oct  1 04:07:49 2012] [debug] Rendering cached template "layouts/default.html.ep".
[Mon Oct  1 04:07:49 2012] [debug] 200 OK (0.059174s, 16.899/s).
[Mon Oct  1 04:07:57 2012] [debug] GET /buy (Mozilla/4.0 (compatible; MSIE 8.0; Windows NT 5.1; Trident/4.0; .NET4.0C; .NET4.0E; .NET CLR 2.0.50727)).
[Mon Oct  1 04:07:57 2012] [debug] Routing to controller "Twinani::Web::Buy" and action "index".
[Mon Oct  1 04:07:57 2012] [debug] Rendering cached template "buy/index.html.ep".
[Mon Oct  1 04:07:57 2012] [debug] Rendering cached template "layouts/default.html.ep".
[Mon Oct  1 04:07:57 2012] [debug] 200 OK (0.059604s, 16.777/s).
[Mon Oct  1 04:08:05 2012] [debug] GET /buy (Mozilla/4.0 (compatible; MSIE 8.0; Windows NT 5.1; Trident/4.0; .NET4.0C; .NET4.0E; .NET CLR 2.0.50727)).
[Mon Oct  1 04:08:05 2012] [debug] Routing to controller "Twinani::Web::Buy" and action "index".
[Mon Oct  1 04:08:05 2012] [debug] Rendering cached template "buy/index.html.ep".
[Mon Oct  1 04:08:05 2012] [debug] Rendering cached template "layouts/default.html.ep".
[Mon Oct  1 04:08:05 2012] [debug] 200 OK (0.058626s, 17.057/s).
[Mon Oct  1 04:08:10 2012] [debug] GET /buy (Mozilla/4.0 (compatible; MSIE 8.0; Windows NT 5.1; Trident/4.0; .NET4.0C; .NET4.0E; .NET CLR 2.0.50727)).
[Mon Oct  1 04:08:10 2012] [debug] Routing to controller "Twinani::Web::Buy" and action "index".
[Mon Oct  1 04:08:10 2012] [debug] Rendering cached template "buy/index.html.ep".
[Mon Oct  1 04:08:10 2012] [debug] Rendering cached template "layouts/default.html.ep".
[Mon Oct  1 04:08:10 2012] [debug] 200 OK (0.058704s, 17.035/s).
[Mon Oct  1 04:08:12 2012] [debug] GET / (Mozilla/4.0 (compatible; MSIE 8.0; Windows NT 5.1; Trident/4.0; .NET4.0C; .NET4.0E; .NET CLR 2.0.50727)).
[Mon Oct  1 04:08:12 2012] [debug] Routing to controller "Twinani::Web::Root" and action "index".
[Mon Oct  1 04:08:12 2012] [debug] Rendering template "root/index.html.ep".
[Mon Oct  1 04:08:12 2012] [debug] Rendering cached template "layouts/default.html.ep".
[Mon Oct  1 04:08:12 2012] [debug] 200 OK (0.187967s, 5.320/s).
[Mon Oct  1 04:12:12 2012] [debug] Reading config file "/home/tetsuya/twinaniweb/twinani.conf".
[Mon Oct  1 04:12:12 2012] [info] Listening at "http://*:3000".
[Mon Oct  1 04:21:28 2012] [debug] Reading config file "/home/tetsuya/twinaniweb/twinani.conf".
[Mon Oct  1 04:21:29 2012] [info] Listening at "http://*:3000".
[Mon Oct  1 04:21:34 2012] [debug] Your secret passphrase needs to be changed!!!
[Mon Oct  1 04:21:34 2012] [debug] GET / (Mozilla/4.0 (compatible; MSIE 8.0; Windows NT 5.1; Trident/4.0; .NET4.0C; .NET4.0E; .NET CLR 2.0.50727)).
[Mon Oct  1 04:21:35 2012] [debug] Routing to controller "Twinani::Web::Root" and action "index".
[Mon Oct  1 04:21:35 2012] [debug] Rendering template "root/index.html.ep".
[Mon Oct  1 04:21:35 2012] [debug] Rendering template "layouts/default.html.ep".
[Mon Oct  1 04:21:35 2012] [debug] 200 OK (0.504176s, 1.983/s).
[Mon Oct  1 04:22:28 2012] [debug] GET / (Mozilla/4.0 (compatible; MSIE 8.0; Windows NT 5.1; Trident/4.0; .NET4.0C; .NET4.0E; .NET CLR 2.0.50727)).
[Mon Oct  1 04:22:28 2012] [debug] Routing to controller "Twinani::Web::Root" and action "index".
[Mon Oct  1 04:22:28 2012] [debug] Rendering cached template "root/index.html.ep".
[Mon Oct  1 04:22:28 2012] [debug] Rendering cached template "layouts/default.html.ep".
[Mon Oct  1 04:22:28 2012] [debug] 200 OK (0.180246s, 5.548/s).
[Mon Oct  1 04:22:47 2012] [debug] GET / (Mozilla/4.0 (compatible; MSIE 8.0; Windows NT 5.1; Trident/4.0; .NET4.0C; .NET4.0E; .NET CLR 2.0.50727)).
[Mon Oct  1 04:22:47 2012] [debug] Routing to controller "Twinani::Web::Root" and action "index".
[Mon Oct  1 04:22:47 2012] [debug] Rendering cached template "root/index.html.ep".
[Mon Oct  1 04:22:47 2012] [debug] Rendering cached template "layouts/default.html.ep".
[Mon Oct  1 04:22:47 2012] [debug] 200 OK (0.222747s, 4.489/s).
[Mon Oct  1 04:22:48 2012] [debug] GET / (Mozilla/4.0 (compatible; MSIE 8.0; Windows NT 5.1; Trident/4.0; .NET4.0C; .NET4.0E; .NET CLR 2.0.50727)).
[Mon Oct  1 04:22:48 2012] [debug] Routing to controller "Twinani::Web::Root" and action "index".
[Mon Oct  1 04:22:48 2012] [debug] Rendering cached template "root/index.html.ep".
[Mon Oct  1 04:22:48 2012] [debug] Rendering cached template "layouts/default.html.ep".
[Mon Oct  1 04:22:48 2012] [debug] 200 OK (0.208479s, 4.797/s).
[Mon Oct  1 04:22:51 2012] [debug] GET / (Mozilla/4.0 (compatible; MSIE 8.0; Windows NT 5.1; Trident/4.0; .NET4.0C; .NET4.0E; .NET CLR 2.0.50727)).
[Mon Oct  1 04:22:51 2012] [debug] Routing to controller "Twinani::Web::Root" and action "index".
[Mon Oct  1 04:22:51 2012] [debug] Rendering cached template "root/index.html.ep".
[Mon Oct  1 04:22:51 2012] [debug] Rendering cached template "layouts/default.html.ep".
[Mon Oct  1 04:22:51 2012] [debug] 200 OK (0.198647s, 5.034/s).
[Mon Oct  1 04:25:54 2012] [debug] GET / (Mozilla/4.0 (compatible; MSIE 8.0; Windows NT 5.1; Trident/4.0; .NET4.0C; .NET4.0E; .NET CLR 2.0.50727)).
[Mon Oct  1 04:25:54 2012] [debug] Routing to controller "Twinani::Web::Root" and action "index".
[Mon Oct  1 04:25:54 2012] [debug] Rendering cached template "root/index.html.ep".
[Mon Oct  1 04:25:54 2012] [debug] Rendering cached template "layouts/default.html.ep".
[Mon Oct  1 04:25:54 2012] [debug] 200 OK (0.181577s, 5.507/s).
[Mon Oct  1 04:26:00 2012] [debug] GET / (Mozilla/4.0 (compatible; MSIE 8.0; Windows NT 5.1; Trident/4.0; .NET4.0C; .NET4.0E; .NET CLR 2.0.50727)).
[Mon Oct  1 04:26:00 2012] [debug] Routing to controller "Twinani::Web::Root" and action "index".
[Mon Oct  1 04:26:00 2012] [debug] Rendering cached template "root/index.html.ep".
[Mon Oct  1 04:26:00 2012] [debug] Rendering cached template "layouts/default.html.ep".
[Mon Oct  1 04:26:00 2012] [debug] 200 OK (0.181480s, 5.510/s).
[Mon Oct  1 04:26:02 2012] [debug] GET / (Mozilla/4.0 (compatible; MSIE 8.0; Windows NT 5.1; Trident/4.0; .NET4.0C; .NET4.0E; .NET CLR 2.0.50727)).
[Mon Oct  1 04:26:02 2012] [debug] Routing to controller "Twinani::Web::Root" and action "index".
[Mon Oct  1 04:26:02 2012] [debug] Rendering cached template "root/index.html.ep".
[Mon Oct  1 04:26:02 2012] [debug] Rendering cached template "layouts/default.html.ep".
[Mon Oct  1 04:26:02 2012] [debug] 200 OK (0.186453s, 5.363/s).
[Mon Oct  1 04:26:06 2012] [debug] GET /buy (Mozilla/4.0 (compatible; MSIE 8.0; Windows NT 5.1; Trident/4.0; .NET4.0C; .NET4.0E; .NET CLR 2.0.50727)).
[Mon Oct  1 04:26:06 2012] [debug] Routing to controller "Twinani::Web::Buy" and action "index".
[Mon Oct  1 04:26:06 2012] [debug] Rendering template "buy/index.html.ep".
[Mon Oct  1 04:26:07 2012] [debug] Rendering cached template "layouts/default.html.ep".
[Mon Oct  1 04:26:07 2012] [debug] 200 OK (0.076647s, 13.047/s).
[Mon Oct  1 04:26:08 2012] [debug] GET /eat (Mozilla/4.0 (compatible; MSIE 8.0; Windows NT 5.1; Trident/4.0; .NET4.0C; .NET4.0E; .NET CLR 2.0.50727)).
[Mon Oct  1 04:26:08 2012] [debug] Routing to controller "Twinani::Web::Eat" and action "index".
[Mon Oct  1 04:26:08 2012] [debug] Rendering template "eat/index.html.ep".
[Mon Oct  1 04:26:08 2012] [debug] Rendering cached template "layouts/default.html.ep".
[Mon Oct  1 04:26:08 2012] [debug] 200 OK (0.047048s, 21.255/s).
[Mon Oct  1 04:26:33 2012] [debug] GET /eat (Mozilla/4.0 (compatible; MSIE 8.0; Windows NT 5.1; Trident/4.0; .NET4.0C; .NET4.0E; .NET CLR 2.0.50727)).
[Mon Oct  1 04:26:33 2012] [debug] Routing to controller "Twinani::Web::Eat" and action "index".
[Mon Oct  1 04:26:33 2012] [debug] Rendering cached template "eat/index.html.ep".
[Mon Oct  1 04:26:33 2012] [debug] Rendering cached template "layouts/default.html.ep".
[Mon Oct  1 04:26:33 2012] [debug] 200 OK (0.032127s, 31.126/s).
[Mon Oct  1 04:26:42 2012] [debug] GET /eat (Mozilla/4.0 (compatible; MSIE 8.0; Windows NT 5.1; Trident/4.0; .NET4.0C; .NET4.0E; .NET CLR 2.0.50727)).
[Mon Oct  1 04:26:42 2012] [debug] Routing to controller "Twinani::Web::Eat" and action "index".
[Mon Oct  1 04:26:43 2012] [debug] Rendering cached template "eat/index.html.ep".
[Mon Oct  1 04:26:43 2012] [debug] Rendering cached template "layouts/default.html.ep".
[Mon Oct  1 04:26:43 2012] [debug] 200 OK (0.073816s, 13.547/s).
[Mon Oct  1 04:26:47 2012] [debug] GET /eat (Mozilla/4.0 (compatible; MSIE 8.0; Windows NT 5.1; Trident/4.0; .NET4.0C; .NET4.0E; .NET CLR 2.0.50727)).
[Mon Oct  1 04:26:47 2012] [debug] Routing to controller "Twinani::Web::Eat" and action "index".
[Mon Oct  1 04:26:47 2012] [debug] Rendering cached template "eat/index.html.ep".
[Mon Oct  1 04:26:47 2012] [debug] Rendering cached template "layouts/default.html.ep".
[Mon Oct  1 04:26:47 2012] [debug] 200 OK (0.032038s, 31.213/s).
[Mon Oct  1 04:26:50 2012] [debug] GET /eat (Mozilla/4.0 (compatible; MSIE 8.0; Windows NT 5.1; Trident/4.0; .NET4.0C; .NET4.0E; .NET CLR 2.0.50727)).
[Mon Oct  1 04:26:50 2012] [debug] Routing to controller "Twinani::Web::Eat" and action "index".
[Mon Oct  1 04:26:50 2012] [debug] Rendering cached template "eat/index.html.ep".
[Mon Oct  1 04:26:50 2012] [debug] Rendering cached template "layouts/default.html.ep".
[Mon Oct  1 04:26:50 2012] [debug] 200 OK (0.032221s, 31.036/s).
[Mon Oct  1 04:26:57 2012] [debug] GET /eat (Mozilla/4.0 (compatible; MSIE 8.0; Windows NT 5.1; Trident/4.0; .NET4.0C; .NET4.0E; .NET CLR 2.0.50727)).
[Mon Oct  1 04:26:57 2012] [debug] Routing to controller "Twinani::Web::Eat" and action "index".
[Mon Oct  1 04:26:57 2012] [debug] Rendering cached template "eat/index.html.ep".
[Mon Oct  1 04:26:57 2012] [debug] Rendering cached template "layouts/default.html.ep".
[Mon Oct  1 04:26:57 2012] [debug] 200 OK (0.031380s, 31.867/s).
[Mon Oct  1 04:27:12 2012] [debug] GET /eat (Mozilla/4.0 (compatible; MSIE 8.0; Windows NT 5.1; Trident/4.0; .NET4.0C; .NET4.0E; .NET CLR 2.0.50727)).
[Mon Oct  1 04:27:12 2012] [debug] Routing to controller "Twinani::Web::Eat" and action "index".
[Mon Oct  1 04:27:12 2012] [debug] Rendering cached template "eat/index.html.ep".
[Mon Oct  1 04:27:12 2012] [debug] Rendering cached template "layouts/default.html.ep".
[Mon Oct  1 04:27:12 2012] [debug] 200 OK (0.037438s, 26.711/s).
[Mon Oct  1 04:27:24 2012] [debug] GET /eat (Mozilla/4.0 (compatible; MSIE 8.0; Windows NT 5.1; Trident/4.0; .NET4.0C; .NET4.0E; .NET CLR 2.0.50727)).
[Mon Oct  1 04:27:24 2012] [debug] Routing to controller "Twinani::Web::Eat" and action "index".
[Mon Oct  1 04:27:24 2012] [debug] Rendering cached template "eat/index.html.ep".
[Mon Oct  1 04:27:24 2012] [debug] Rendering cached template "layouts/default.html.ep".
[Mon Oct  1 04:27:24 2012] [debug] 200 OK (0.032305s, 30.955/s).
[Mon Oct  1 04:27:30 2012] [debug] GET /eat (Mozilla/4.0 (compatible; MSIE 8.0; Windows NT 5.1; Trident/4.0; .NET4.0C; .NET4.0E; .NET CLR 2.0.50727)).
[Mon Oct  1 04:27:30 2012] [debug] Routing to controller "Twinani::Web::Eat" and action "index".
[Mon Oct  1 04:27:30 2012] [debug] Rendering cached template "eat/index.html.ep".
[Mon Oct  1 04:27:30 2012] [debug] Rendering cached template "layouts/default.html.ep".
[Mon Oct  1 04:27:30 2012] [debug] 200 OK (0.026709s, 37.441/s).
[Mon Oct  1 04:34:45 2012] [debug] Reading config file "/home/tetsuya/twinaniweb/twinani.conf".
[Mon Oct  1 04:35:02 2012] [debug] Your secret passphrase needs to be changed!!!
[Mon Oct  1 04:35:02 2012] [debug] GET / (Mozilla/4.0 (compatible; MSIE 8.0; Windows NT 5.1; Trident/4.0; .NET4.0C; .NET4.0E; .NET CLR 2.0.50727)).
[Mon Oct  1 04:35:02 2012] [debug] Routing to controller "Twinani::Web::Root" and action "index".
[Mon Oct  1 04:35:03 2012] [debug] Rendering template "root/index.html.ep".
[Mon Oct  1 04:35:03 2012] [debug] Rendering template "layouts/default.html.ep".
[Mon Oct  1 04:35:03 2012] [debug] 200 OK (0.443195s, 2.256/s).
[Mon Oct  1 04:35:57 2012] [debug] Reading config file "/home/tetsuya/twinaniweb/twinani.conf".
[Mon Oct  1 04:36:06 2012] [debug] Reading config file "/home/tetsuya/twinaniweb/twinani.conf".
[Mon Oct  1 04:36:14 2012] [debug] Reading config file "/home/tetsuya/twinaniweb/twinani.conf".
[Mon Oct  1 04:36:23 2012] [debug] Reading config file "/home/tetsuya/twinaniweb/twinani.conf".
[Mon Oct  1 04:36:32 2012] [debug] Reading config file "/home/tetsuya/twinaniweb/twinani.conf".
[Mon Oct  1 04:36:35 2012] [debug] Your secret passphrase needs to be changed!!!
[Mon Oct  1 04:36:35 2012] [debug] GET /buy (Mozilla/4.0 (compatible; MSIE 8.0; Windows NT 5.1; Trident/4.0; .NET4.0C; .NET4.0E; .NET CLR 2.0.50727)).
[Mon Oct  1 04:36:35 2012] [debug] Routing to controller "Twinani::Web::Buy" and action "index".
[Mon Oct  1 04:36:35 2012] [debug] Rendering template "buy/index.html.ep".
[Mon Oct  1 04:36:35 2012] [debug] Rendering template "layouts/default.html.ep".
[Mon Oct  1 04:36:35 2012] [debug] 200 OK (0.305964s, 3.268/s).
[Mon Oct  1 04:36:37 2012] [debug] GET /eat (Mozilla/4.0 (compatible; MSIE 8.0; Windows NT 5.1; Trident/4.0; .NET4.0C; .NET4.0E; .NET CLR 2.0.50727)).
[Mon Oct  1 04:36:37 2012] [debug] Routing to controller "Twinani::Web::Eat" and action "index".
[Mon Oct  1 04:36:37 2012] [debug] Rendering template "eat/index.html.ep".
[Mon Oct  1 04:36:37 2012] [debug] Rendering cached template "layouts/default.html.ep".
[Mon Oct  1 04:36:37 2012] [debug] 200 OK (0.036322s, 27.532/s).
[Mon Oct  1 04:36:38 2012] [debug] GET /read (Mozilla/4.0 (compatible; MSIE 8.0; Windows NT 5.1; Trident/4.0; .NET4.0C; .NET4.0E; .NET CLR 2.0.50727)).
[Mon Oct  1 04:36:38 2012] [debug] Routing to controller "Twinani::Web::Read" and action "index".
[Mon Oct  1 04:36:38 2012] [debug] Rendering template "read/index.html.ep".
[Mon Oct  1 04:36:38 2012] [debug] Rendering cached template "layouts/default.html.ep".
[Mon Oct  1 04:36:38 2012] [debug] 200 OK (0.022622s, 44.205/s).
[Mon Oct  1 04:36:41 2012] [debug] GET /look (Mozilla/4.0 (compatible; MSIE 8.0; Windows NT 5.1; Trident/4.0; .NET4.0C; .NET4.0E; .NET CLR 2.0.50727)).
[Mon Oct  1 04:36:41 2012] [debug] Routing to controller "Twinani::Web::Look" and action "index".
[Mon Oct  1 04:36:41 2012] [debug] Rendering template "look/index.html.ep".
[Mon Oct  1 04:36:41 2012] [debug] Rendering cached template "layouts/default.html.ep".
[Mon Oct  1 04:36:41 2012] [debug] 200 OK (0.077859s, 12.844/s).
[Mon Oct  1 04:36:44 2012] [debug] GET /go (Mozilla/4.0 (compatible; MSIE 8.0; Windows NT 5.1; Trident/4.0; .NET4.0C; .NET4.0E; .NET CLR 2.0.50727)).
[Mon Oct  1 04:36:44 2012] [debug] Routing to controller "Twinani::Web::Go" and action "index".
[Mon Oct  1 04:36:44 2012] [debug] Rendering template "go/index.html.ep".
[Mon Oct  1 04:36:44 2012] [debug] Rendering cached template "layouts/default.html.ep".
[Mon Oct  1 04:36:44 2012] [debug] 200 OK (0.036967s, 27.051/s).
[Mon Oct  1 04:36:47 2012] [debug] GET / (Mozilla/4.0 (compatible; MSIE 8.0; Windows NT 5.1; Trident/4.0; .NET4.0C; .NET4.0E; .NET CLR 2.0.50727)).
[Mon Oct  1 04:36:47 2012] [debug] Routing to controller "Twinani::Web::Root" and action "index".
[Mon Oct  1 04:36:47 2012] [debug] Rendering template "root/index.html.ep".
[Mon Oct  1 04:36:47 2012] [debug] Rendering cached template "layouts/default.html.ep".
[Mon Oct  1 04:36:47 2012] [debug] 200 OK (0.188474s, 5.306/s).
[Mon Oct  1 04:39:09 2012] [debug] GET /eat (Mozilla/4.0 (compatible; MSIE 8.0; Windows NT 5.1; Trident/4.0; .NET4.0C; .NET4.0E; .NET CLR 2.0.50727)).
[Mon Oct  1 04:39:09 2012] [debug] Routing to controller "Twinani::Web::Eat" and action "index".
[Mon Oct  1 04:39:09 2012] [debug] Rendering cached template "eat/index.html.ep".
[Mon Oct  1 04:39:09 2012] [debug] Rendering cached template "layouts/default.html.ep".
[Mon Oct  1 04:39:09 2012] [debug] 200 OK (0.033082s, 30.228/s).
[Mon Oct  1 04:39:12 2012] [debug] GET /buy (Mozilla/4.0 (compatible; MSIE 8.0; Windows NT 5.1; Trident/4.0; .NET4.0C; .NET4.0E; .NET CLR 2.0.50727)).
[Mon Oct  1 04:39:12 2012] [debug] Routing to controller "Twinani::Web::Buy" and action "index".
[Mon Oct  1 04:39:12 2012] [debug] Rendering cached template "buy/index.html.ep".
[Mon Oct  1 04:39:12 2012] [debug] Rendering cached template "layouts/default.html.ep".
[Mon Oct  1 04:39:12 2012] [debug] 200 OK (0.080568s, 12.412/s).
[Fri Oct 12 04:35:40 2012] [debug] Reading config file "/home/tetsuya/twinaniweb/twinani.conf".
[Fri Oct 12 04:35:40 2012] [info] Listening at "http://*:3000".
[Fri Oct 12 04:35:49 2012] [debug] Your secret passphrase needs to be changed!!!
[Fri Oct 12 04:35:49 2012] [debug] GET / (Mozilla/4.0 (compatible; MSIE 8.0; Windows NT 5.1; Trident/4.0; BTRS124349; .NET4.0C; .NET4.0E; .NET CLR 2.0.50727; .NET CLR 3.0.4506.2152; .NET CLR 3.5.30729)).
[Fri Oct 12 04:35:49 2012] [debug] Routing to controller "Twinani::Web::Root" and action "index".
[Fri Oct 12 04:35:49 2012] [debug] Rendering template "root/index.html.ep".
[Fri Oct 12 04:35:49 2012] [debug] Rendering template "layouts/default.html.ep".
[Fri Oct 12 04:35:49 2012] [debug] 200 OK (0.340250s, 2.939/s).
[Fri Oct 12 04:35:54 2012] [debug] GET / (Mozilla/4.0 (compatible; MSIE 8.0; Windows NT 5.1; Trident/4.0; BTRS124349; .NET4.0C; .NET4.0E; .NET CLR 2.0.50727; .NET CLR 3.0.4506.2152; .NET CLR 3.5.30729)).
[Fri Oct 12 04:35:54 2012] [debug] Routing to controller "Twinani::Web::Root" and action "index".
[Fri Oct 12 04:35:54 2012] [debug] Rendering cached template "root/index.html.ep".
[Fri Oct 12 04:35:54 2012] [debug] Rendering cached template "layouts/default.html.ep".
[Fri Oct 12 04:35:54 2012] [debug] 200 OK (0.022668s, 44.115/s).
[Fri Oct 12 04:35:57 2012] [debug] GET / (Mozilla/4.0 (compatible; MSIE 8.0; Windows NT 5.1; Trident/4.0; BTRS124349; .NET4.0C; .NET4.0E; .NET CLR 2.0.50727; .NET CLR 3.0.4506.2152; .NET CLR 3.5.30729)).
[Fri Oct 12 04:35:57 2012] [debug] Routing to controller "Twinani::Web::Root" and action "index".
[Fri Oct 12 04:35:57 2012] [debug] Rendering cached template "root/index.html.ep".
[Fri Oct 12 04:35:57 2012] [debug] Rendering cached template "layouts/default.html.ep".
[Fri Oct 12 04:35:57 2012] [debug] 200 OK (0.179668s, 5.566/s).
[Fri Oct 12 04:35:59 2012] [debug] GET / (Mozilla/4.0 (compatible; MSIE 8.0; Windows NT 5.1; Trident/4.0; BTRS124349; .NET4.0C; .NET4.0E; .NET CLR 2.0.50727; .NET CLR 3.0.4506.2152; .NET CLR 3.5.30729)).
[Fri Oct 12 04:35:59 2012] [debug] Routing to controller "Twinani::Web::Root" and action "index".
[Fri Oct 12 04:35:59 2012] [debug] Rendering cached template "root/index.html.ep".
[Fri Oct 12 04:35:59 2012] [debug] Rendering cached template "layouts/default.html.ep".
[Fri Oct 12 04:35:59 2012] [debug] 200 OK (0.021911s, 45.639/s).
[Fri Oct 12 04:49:58 2012] [debug] Reading config file "/home/tetsuya/twinaniweb/twinani.conf".
[Fri Oct 12 04:50:04 2012] [debug] Reading config file "/home/tetsuya/twinaniweb/twinani.conf".
[Fri Oct 12 04:50:20 2012] [debug] Reading config file "/home/tetsuya/twinaniweb/twinani.conf".
[Fri Oct 12 04:50:51 2012] [debug] Reading config file "/home/tetsuya/twinaniweb/twinani.conf".
[Fri Oct 12 04:55:44 2012] [debug] Reading config file "/home/tetsuya/twinaniweb/twinani.conf".
[Fri Oct 12 04:58:57 2012] [debug] Reading config file "/home/tetsuya/twinaniweb/twinani.conf".
[Fri Oct 12 04:59:17 2012] [debug] Reading config file "/home/tetsuya/twinaniweb/twinani.conf".
[Fri Oct 12 05:00:16 2012] [debug] Reading config file "/home/tetsuya/twinaniweb/twinani.conf".
[Fri Oct 12 05:00:56 2012] [debug] Reading config file "/home/tetsuya/twinaniweb/twinani.conf".
[Fri Oct 12 05:01:06 2012] [debug] Reading config file "/home/tetsuya/twinaniweb/twinani.conf".
[Fri Oct 12 05:01:06 2012] [info] Listening at "http://*:3000".
[Fri Oct 12 05:01:47 2012] [debug] Your secret passphrase needs to be changed!!!
[Fri Oct 12 05:01:47 2012] [debug] GET / (Mozilla/4.0 (compatible; MSIE 8.0; Windows NT 5.1; Trident/4.0; BTRS124349; .NET4.0C; .NET4.0E; .NET CLR 2.0.50727; .NET CLR 3.0.4506.2152; .NET CLR 3.5.30729)).
[Fri Oct 12 05:01:47 2012] [debug] Routing to controller "Twinani::Web::Root" and action "index".
[Fri Oct 12 05:01:47 2012] [debug] Rendering template "root/index.html.ep".
[Fri Oct 12 05:01:47 2012] [error] Can't use string ("params") as a HASH ref while "strict refs" in use at script/../lib/Twinani/Plugin/PageNavigator.pm line 24.
19:   $app->helper( page_navigator => sub{
20:       my ( $self, $actual, $count, $opts ) = @_;
21:       $count = ceil($count);
22:       return "" unless $count > 1;
23:       $opts = {} unless $opts;
24:       my $round = $opts->{round} || 4;
25:       my $class = $opts->{class} || "number";
26:       my $param = $opts->{param} || "page";
27:       my $outer = $opts->{outer} || 2;
28:       my $params = $opts->{params};
29:       my @current = ( $actual - $round .. $actual + $round );

[Fri Oct 12 05:01:47 2012] [debug] Template "exception.development.html.ep" not found.
[Fri Oct 12 05:01:47 2012] [debug] Template "exception.html.ep" not found.
[Fri Oct 12 05:01:47 2012] [debug] Rendering inline template.
[Fri Oct 12 05:01:47 2012] [debug] Rendering inline template.
[Fri Oct 12 05:01:47 2012] [debug] 500 Internal Server Error (0.308231s, 3.244/s).
[Fri Oct 12 05:02:23 2012] [debug] Reading config file "/home/tetsuya/twinaniweb/twinani.conf".
[Fri Oct 12 05:02:24 2012] [debug] Your secret passphrase needs to be changed!!!
[Fri Oct 12 05:02:24 2012] [debug] GET / (Mozilla/4.0 (compatible; MSIE 8.0; Windows NT 5.1; Trident/4.0; BTRS124349; .NET4.0C; .NET4.0E; .NET CLR 2.0.50727; .NET CLR 3.0.4506.2152; .NET CLR 3.5.30729)).
[Fri Oct 12 05:02:24 2012] [debug] Routing to controller "Twinani::Web::Root" and action "index".
[Fri Oct 12 05:02:24 2012] [debug] Rendering template "root/index.html.ep".
[Fri Oct 12 05:02:24 2012] [debug] Rendering template "layouts/default.html.ep".
[Fri Oct 12 05:02:24 2012] [debug] 200 OK (0.270707s, 3.694/s).
[Fri Oct 12 05:02:28 2012] [debug] GET / (Mozilla/4.0 (compatible; MSIE 8.0; Windows NT 5.1; Trident/4.0; BTRS124349; .NET4.0C; .NET4.0E; .NET CLR 2.0.50727; .NET CLR 3.0.4506.2152; .NET CLR 3.5.30729)).
[Fri Oct 12 05:02:28 2012] [debug] Routing to controller "Twinani::Web::Root" and action "index".
[Fri Oct 12 05:02:28 2012] [debug] Rendering cached template "root/index.html.ep".
[Fri Oct 12 05:02:28 2012] [debug] Rendering cached template "layouts/default.html.ep".
[Fri Oct 12 05:02:28 2012] [debug] 200 OK (0.021903s, 45.656/s).
[Fri Oct 12 05:03:27 2012] [debug] Reading config file "/home/tetsuya/twinaniweb/twinani.conf".
[Fri Oct 12 05:03:28 2012] [debug] Your secret passphrase needs to be changed!!!
[Fri Oct 12 05:03:28 2012] [debug] GET / (Mozilla/4.0 (compatible; MSIE 8.0; Windows NT 5.1; Trident/4.0; BTRS124349; .NET4.0C; .NET4.0E; .NET CLR 2.0.50727; .NET CLR 3.0.4506.2152; .NET CLR 3.5.30729)).
[Fri Oct 12 05:03:28 2012] [debug] Routing to controller "Twinani::Web::Root" and action "index".
[Fri Oct 12 05:03:28 2012] [debug] Rendering template "root/index.html.ep".
[Fri Oct 12 05:03:28 2012] [debug] Rendering template "layouts/default.html.ep".
[Fri Oct 12 05:03:28 2012] [debug] 200 OK (0.257697s, 3.881/s).
[Fri Oct 12 05:03:31 2012] [debug] GET / (Mozilla/4.0 (compatible; MSIE 8.0; Windows NT 5.1; Trident/4.0; BTRS124349; .NET4.0C; .NET4.0E; .NET CLR 2.0.50727; .NET CLR 3.0.4506.2152; .NET CLR 3.5.30729)).
[Fri Oct 12 05:03:31 2012] [debug] Routing to controller "Twinani::Web::Root" and action "index".
[Fri Oct 12 05:03:31 2012] [debug] Rendering cached template "root/index.html.ep".
[Fri Oct 12 05:03:31 2012] [debug] Rendering cached template "layouts/default.html.ep".
[Fri Oct 12 05:03:31 2012] [debug] 200 OK (0.021747s, 45.983/s).
[Fri Oct 12 05:03:37 2012] [debug] GET / (Mozilla/4.0 (compatible; MSIE 8.0; Windows NT 5.1; Trident/4.0; BTRS124349; .NET4.0C; .NET4.0E; .NET CLR 2.0.50727; .NET CLR 3.0.4506.2152; .NET CLR 3.5.30729)).
[Fri Oct 12 05:03:37 2012] [debug] Routing to controller "Twinani::Web::Root" and action "index".
[Fri Oct 12 05:03:37 2012] [debug] Rendering cached template "root/index.html.ep".
[Fri Oct 12 05:03:37 2012] [debug] Rendering cached template "layouts/default.html.ep".
[Fri Oct 12 05:03:37 2012] [debug] 200 OK (0.022839s, 43.785/s).
[Fri Oct 12 05:03:40 2012] [debug] GET / (Mozilla/4.0 (compatible; MSIE 8.0; Windows NT 5.1; Trident/4.0; BTRS124349; .NET4.0C; .NET4.0E; .NET CLR 2.0.50727; .NET CLR 3.0.4506.2152; .NET CLR 3.5.30729)).
[Fri Oct 12 05:03:40 2012] [debug] Routing to controller "Twinani::Web::Root" and action "index".
[Fri Oct 12 05:03:40 2012] [debug] Rendering cached template "root/index.html.ep".
[Fri Oct 12 05:03:40 2012] [debug] Rendering cached template "layouts/default.html.ep".
[Fri Oct 12 05:03:40 2012] [debug] 200 OK (0.022256s, 44.932/s).
[Fri Oct 12 05:04:19 2012] [debug] Reading config file "/home/tetsuya/twinaniweb/twinani.conf".
[Fri Oct 12 05:04:27 2012] [debug] Reading config file "/home/tetsuya/twinaniweb/twinani.conf".
[Fri Oct 12 05:04:42 2012] [debug] Reading config file "/home/tetsuya/twinaniweb/twinani.conf".
[Fri Oct 12 05:04:51 2012] [debug] Reading config file "/home/tetsuya/twinaniweb/twinani.conf".
[Fri Oct 12 05:05:01 2012] [debug] Reading config file "/home/tetsuya/twinaniweb/twinani.conf".
[Fri Oct 12 05:05:06 2012] [debug] Your secret passphrase needs to be changed!!!
[Fri Oct 12 05:05:06 2012] [debug] GET / (Mozilla/4.0 (compatible; MSIE 8.0; Windows NT 5.1; Trident/4.0; BTRS124349; .NET4.0C; .NET4.0E; .NET CLR 2.0.50727; .NET CLR 3.0.4506.2152; .NET CLR 3.5.30729)).
[Fri Oct 12 05:05:06 2012] [debug] Routing to controller "Twinani::Web::Root" and action "index".
[Fri Oct 12 05:05:07 2012] [debug] Rendering template "root/index.html.ep".
[Fri Oct 12 05:05:07 2012] [debug] Rendering template "layouts/default.html.ep".
[Fri Oct 12 05:05:07 2012] [debug] 200 OK (0.436337s, 2.292/s).
[Fri Oct 12 05:05:11 2012] [debug] GET / (Mozilla/4.0 (compatible; MSIE 8.0; Windows NT 5.1; Trident/4.0; BTRS124349; .NET4.0C; .NET4.0E; .NET CLR 2.0.50727; .NET CLR 3.0.4506.2152; .NET CLR 3.5.30729)).
[Fri Oct 12 05:05:11 2012] [debug] Routing to controller "Twinani::Web::Root" and action "index".
[Fri Oct 12 05:05:11 2012] [debug] Rendering cached template "root/index.html.ep".
[Fri Oct 12 05:05:11 2012] [debug] Rendering cached template "layouts/default.html.ep".
[Fri Oct 12 05:05:11 2012] [debug] 200 OK (0.176860s, 5.654/s).
[Fri Oct 12 05:05:14 2012] [debug] GET / (Mozilla/4.0 (compatible; MSIE 8.0; Windows NT 5.1; Trident/4.0; BTRS124349; .NET4.0C; .NET4.0E; .NET CLR 2.0.50727; .NET CLR 3.0.4506.2152; .NET CLR 3.5.30729)).
[Fri Oct 12 05:05:14 2012] [debug] Routing to controller "Twinani::Web::Root" and action "index".
[Fri Oct 12 05:05:14 2012] [debug] Rendering cached template "root/index.html.ep".
[Fri Oct 12 05:05:14 2012] [debug] Rendering cached template "layouts/default.html.ep".
[Fri Oct 12 05:05:14 2012] [debug] 200 OK (0.174890s, 5.718/s).
[Fri Oct 12 05:05:22 2012] [debug] GET /buy (Mozilla/4.0 (compatible; MSIE 8.0; Windows NT 5.1; Trident/4.0; BTRS124349; .NET4.0C; .NET4.0E; .NET CLR 2.0.50727; .NET CLR 3.0.4506.2152; .NET CLR 3.5.30729)).
[Fri Oct 12 05:05:22 2012] [debug] Routing to controller "Twinani::Web::Buy" and action "index".
[Fri Oct 12 05:05:22 2012] [debug] Rendering template "buy/index.html.ep".
[Fri Oct 12 05:05:22 2012] [error] syntax error at template "buy/index.html.ep" line 33, near "</div>".
Missing right curly or square bracket at template "buy/index.html.ep" line 34.
28: <% } %>
29: </div>
30: <div id="side" class="span-8 last">TwinaniTwitter
31:           created by<a href="http://twitter.com/dokechin">@dokechin</a></div>
32: <div id="pager">
33: <%= page_navigator( $current_page, $total_pages, {params => {span => $span}) %>
34: </div>

[Fri Oct 12 05:05:22 2012] [debug] Template "exception.development.html.ep" not found.
[Fri Oct 12 05:05:22 2012] [debug] Template "exception.html.ep" not found.
[Fri Oct 12 05:05:22 2012] [debug] Rendering inline template.
[Fri Oct 12 05:05:22 2012] [debug] Rendering inline template.
[Fri Oct 12 05:05:22 2012] [debug] 500 Internal Server Error (0.101883s, 9.815/s).
[Fri Oct 12 05:06:17 2012] [debug] Reading config file "/home/tetsuya/twinaniweb/twinani.conf".
[Fri Oct 12 05:06:17 2012] [info] Listening at "http://*:3000".
[Fri Oct 12 05:06:26 2012] [debug] Your secret passphrase needs to be changed!!!
[Fri Oct 12 05:06:26 2012] [debug] GET /buy (Mozilla/4.0 (compatible; MSIE 8.0; Windows NT 5.1; Trident/4.0; BTRS124349; .NET4.0C; .NET4.0E; .NET CLR 2.0.50727; .NET CLR 3.0.4506.2152; .NET CLR 3.5.30729)).
[Fri Oct 12 05:06:26 2012] [debug] Routing to controller "Twinani::Web::Buy" and action "index".
[Fri Oct 12 05:06:26 2012] [debug] Rendering template "buy/index.html.ep".
[Fri Oct 12 05:06:26 2012] [error] syntax error at template "buy/index.html.ep" line 33, near "</div>".
Missing right curly or square bracket at template "buy/index.html.ep" line 34.
28: <% } %>
29: </div>
30: <div id="side" class="span-8 last">TwinaniTwitter
31:           created by<a href="http://twitter.com/dokechin">@dokechin</a></div>
32: <div id="pager">
33: <%= page_navigator( $current_page, $total_pages, {params => {span => $span}) %>
34: </div>

[Fri Oct 12 05:06:26 2012] [debug] Template "exception.development.html.ep" not found.
[Fri Oct 12 05:06:26 2012] [debug] Template "exception.html.ep" not found.
[Fri Oct 12 05:06:26 2012] [debug] Rendering inline template.
[Fri Oct 12 05:06:26 2012] [debug] Rendering inline template.
[Fri Oct 12 05:06:26 2012] [debug] 500 Internal Server Error (0.288367s, 3.468/s).
[Fri Oct 12 05:06:59 2012] [debug] Reading config file "/home/tetsuya/twinaniweb/twinani.conf".
[Fri Oct 12 05:07:06 2012] [debug] Reading config file "/home/tetsuya/twinaniweb/twinani.conf".
[Fri Oct 12 05:07:13 2012] [debug] Reading config file "/home/tetsuya/twinaniweb/twinani.conf".
[Fri Oct 12 05:07:24 2012] [debug] Reading config file "/home/tetsuya/twinaniweb/twinani.conf".
[Fri Oct 12 05:07:36 2012] [debug] Reading config file "/home/tetsuya/twinaniweb/twinani.conf".
[Fri Oct 12 05:07:43 2012] [debug] Your secret passphrase needs to be changed!!!
[Fri Oct 12 05:07:43 2012] [debug] GET /buy (Mozilla/4.0 (compatible; MSIE 8.0; Windows NT 5.1; Trident/4.0; BTRS124349; .NET4.0C; .NET4.0E; .NET CLR 2.0.50727; .NET CLR 3.0.4506.2152; .NET CLR 3.5.30729)).
[Fri Oct 12 05:07:43 2012] [debug] Routing to controller "Twinani::Web::Buy" and action "index".
[Fri Oct 12 05:07:43 2012] [debug] Rendering template "buy/index.html.ep".
[Fri Oct 12 05:07:43 2012] [debug] Rendering template "layouts/default.html.ep".
[Fri Oct 12 05:07:43 2012] [debug] 200 OK (0.265378s, 3.768/s).
[Fri Oct 12 05:07:45 2012] [debug] GET /buy (Mozilla/4.0 (compatible; MSIE 8.0; Windows NT 5.1; Trident/4.0; BTRS124349; .NET4.0C; .NET4.0E; .NET CLR 2.0.50727; .NET CLR 3.0.4506.2152; .NET CLR 3.5.30729)).
[Fri Oct 12 05:07:45 2012] [debug] Routing to controller "Twinani::Web::Buy" and action "index".
[Fri Oct 12 05:07:45 2012] [debug] Rendering cached template "buy/index.html.ep".
[Fri Oct 12 05:07:45 2012] [debug] Rendering cached template "layouts/default.html.ep".
[Fri Oct 12 05:07:45 2012] [debug] 200 OK (0.061723s, 16.201/s).
[Fri Oct 12 05:07:47 2012] [debug] GET /buy (Mozilla/4.0 (compatible; MSIE 8.0; Windows NT 5.1; Trident/4.0; BTRS124349; .NET4.0C; .NET4.0E; .NET CLR 2.0.50727; .NET CLR 3.0.4506.2152; .NET CLR 3.5.30729)).
[Fri Oct 12 05:07:47 2012] [debug] Routing to controller "Twinani::Web::Buy" and action "index".
[Fri Oct 12 05:07:47 2012] [debug] Rendering cached template "buy/index.html.ep".
[Fri Oct 12 05:07:47 2012] [debug] Rendering cached template "layouts/default.html.ep".
[Fri Oct 12 05:07:47 2012] [debug] 200 OK (0.058095s, 17.213/s).
[Fri Oct 12 05:07:49 2012] [debug] GET /buy (Mozilla/4.0 (compatible; MSIE 8.0; Windows NT 5.1; Trident/4.0; BTRS124349; .NET4.0C; .NET4.0E; .NET CLR 2.0.50727; .NET CLR 3.0.4506.2152; .NET CLR 3.5.30729)).
[Fri Oct 12 05:07:49 2012] [debug] Routing to controller "Twinani::Web::Buy" and action "index".
[Fri Oct 12 05:07:49 2012] [debug] Rendering cached template "buy/index.html.ep".
[Fri Oct 12 05:07:49 2012] [debug] Rendering cached template "layouts/default.html.ep".
[Fri Oct 12 05:07:49 2012] [debug] 200 OK (0.058421s, 17.117/s).
[Fri Oct 12 05:07:51 2012] [debug] GET /buy (Mozilla/4.0 (compatible; MSIE 8.0; Windows NT 5.1; Trident/4.0; BTRS124349; .NET4.0C; .NET4.0E; .NET CLR 2.0.50727; .NET CLR 3.0.4506.2152; .NET CLR 3.5.30729)).
[Fri Oct 12 05:07:51 2012] [debug] Routing to controller "Twinani::Web::Buy" and action "index".
[Fri Oct 12 05:07:52 2012] [debug] Rendering cached template "buy/index.html.ep".
[Fri Oct 12 05:07:52 2012] [debug] Rendering cached template "layouts/default.html.ep".
[Fri Oct 12 05:07:52 2012] [debug] 200 OK (0.059268s, 16.873/s).
[Fri Oct 12 05:07:53 2012] [debug] GET /buy (Mozilla/4.0 (compatible; MSIE 8.0; Windows NT 5.1; Trident/4.0; BTRS124349; .NET4.0C; .NET4.0E; .NET CLR 2.0.50727; .NET CLR 3.0.4506.2152; .NET CLR 3.5.30729)).
[Fri Oct 12 05:07:53 2012] [debug] Routing to controller "Twinani::Web::Buy" and action "index".
[Fri Oct 12 05:07:53 2012] [debug] Rendering cached template "buy/index.html.ep".
[Fri Oct 12 05:07:53 2012] [debug] Rendering cached template "layouts/default.html.ep".
[Fri Oct 12 05:07:53 2012] [debug] 200 OK (0.016351s, 61.158/s).
[Fri Oct 12 05:07:57 2012] [debug] GET /buy (Mozilla/4.0 (compatible; MSIE 8.0; Windows NT 5.1; Trident/4.0; BTRS124349; .NET4.0C; .NET4.0E; .NET CLR 2.0.50727; .NET CLR 3.0.4506.2152; .NET CLR 3.5.30729)).
[Fri Oct 12 05:07:57 2012] [debug] Routing to controller "Twinani::Web::Buy" and action "index".
[Fri Oct 12 05:07:57 2012] [debug] Rendering cached template "buy/index.html.ep".
[Fri Oct 12 05:07:57 2012] [debug] Rendering cached template "layouts/default.html.ep".
[Fri Oct 12 05:07:57 2012] [debug] 200 OK (0.015804s, 63.275/s).
[Fri Oct 12 05:08:00 2012] [debug] GET /buy (Mozilla/4.0 (compatible; MSIE 8.0; Windows NT 5.1; Trident/4.0; BTRS124349; .NET4.0C; .NET4.0E; .NET CLR 2.0.50727; .NET CLR 3.0.4506.2152; .NET CLR 3.5.30729)).
[Fri Oct 12 05:08:00 2012] [debug] Routing to controller "Twinani::Web::Buy" and action "index".
[Fri Oct 12 05:08:00 2012] [debug] Rendering cached template "buy/index.html.ep".
[Fri Oct 12 05:08:00 2012] [debug] Rendering cached template "layouts/default.html.ep".
[Fri Oct 12 05:08:00 2012] [debug] 200 OK (0.015076s, 66.331/s).
